<?xml version="1.0" encoding="UTF-8"?>
<testng-results skipped="0" failed="0" ignored="0" total="1" passed="1">
  <reporter-output>
  </reporter-output>
  <suite name="Suite" duration-ms="14743" started-at="2021-07-01T06:02:47Z" finished-at="2021-07-01T06:03:02Z">
    <groups>
    </groups>
    <test name="Test" duration-ms="14743" started-at="2021-07-01T06:02:47Z" finished-at="2021-07-01T06:03:02Z">
      <class name="test.ProductTest">
        <test-method status="PASS" signature="setup()[pri:0, instance:test.ProductTest@402f32ff]" name="setup" is-config="true" duration-ms="10248" started-at="2021-07-01T06:02:47Z" finished-at="2021-07-01T06:02:57Z">
          <reporter-output>
          </reporter-output>
        </test-method> <!-- setup -->
        <test-method status="PASS" signature="logintestcase()[pri:0, instance:test.ProductTest@402f32ff]" name="logintestcase" duration-ms="3178" started-at="2021-07-01T06:02:57Z" finished-at="2021-07-01T06:03:00Z">
          <reporter-output>
          </reporter-output>
        </test-method> <!-- logintestcase -->
        <test-method status="PASS" signature="teardown()[pri:0, instance:test.ProductTest@402f32ff]" name="teardown" is-config="true" duration-ms="1239" started-at="2021-07-01T06:03:00Z" finished-at="2021-07-01T06:03:02Z">
          <reporter-output>
          </reporter-output>
        </test-method> <!-- teardown -->
      </class> <!-- test.ProductTest -->
    </test> <!-- Test -->
  </suite> <!-- Suite -->
</testng-results>
